<?xml version="1.0" encoding="UTF-8"?>
<testsuite name="PowerFinderTest" tests="4" skipped="0" failures="0" errors="0" timestamp="2023-12-17T02:54:44" hostname="DESKTOP-VNS23H9" time="0.025">
  <properties/>
  <testcase name="twoRaisedTwoIsFour()" classname="PowerFinderTest" time="0.018"/>
  <testcase name="oneRaisedOneIsOne()" classname="PowerFinderTest" time="0.001"/>
  <testcase name="twoRaisedOneIsTwo()" classname="PowerFinderTest" time="0.001"/>
  <testcase name="twoRaisedThreeIsSix()" classname="PowerFinderTest" time="0.001"/>
  <system-out><![CDATA[]]></system-out>
  <system-err><![CDATA[]]></system-err>
</testsuite>
