<?xml version="1.0" encoding="UTF-8"?>
<testsuite name="powerpackage.PowerTest" tests="4" skipped="0" failures="0" errors="0" timestamp="2023-10-07T18:58:35" hostname="DESKTOP-9NBA0UR" time="0.03">
  <properties/>
  <testcase name="power_of_2_and_3_Is_SIX()" classname="powerpackage.PowerTest" time="0.022"/>
  <testcase name="two_power_2_is_4()" classname="powerpackage.PowerTest" time="0.001"/>
  <testcase name="one_raised_to_one_is_onew()" classname="powerpackage.PowerTest" time="0.001"/>
  <testcase name="twoRaised_to_one_is_2()" classname="powerpackage.PowerTest" time="0.001"/>
  <system-out><![CDATA[]]></system-out>
  <system-err><![CDATA[]]></system-err>
</testsuite>
